This is pdfTeX, Version 3.14159265-2.6-1.40.21 (TeX Live 2020) (preloaded format=pdflatex 2020.10.15)  15 OCT 2020 16:58
entering extended mode
 restricted \write18 enabled.
 %&-line parsing enabled.
**End-term-project-Yizhen.tex
(./End-term-project-Yizhen.tex
LaTeX2e <2020-10-01> patch level 1
L3 programming layer <2020-10-05> xparse <2020-03-03> (/Users/jeremydai/Library
/TinyTeX/texmf-dist/tex/latex/base/article.cls
Document Class: article 2020/04/10 v1.4m Standard LaTeX document class
(/Users/jeremydai/Library/TinyTeX/texmf-dist/tex/latex/base/size11.clo
File: size11.clo 2020/04/10 v1.4m Standard LaTeX file (size option)
)
\c@part=\count175
\c@section=\count176
\c@subsection=\count177
\c@subsubsection=\count178
\c@paragraph=\count179
\c@subparagraph=\count180
\c@figure=\count181
\c@table=\count182
\abovecaptionskip=\skip47
\belowcaptionskip=\skip48
\bibindent=\dimen138
) (/Users/jeremydai/Library/TinyTeX/texmf-dist/tex/latex/geometry/geometry.sty
Package: geometry 2020/01/02 v5.9 Page Geometry
(/Users/jeremydai/Library/TinyTeX/texmf-dist/tex/latex/graphics/keyval.sty
Package: keyval 2014/10/28 v1.15 key=value parser (DPC)
\KV@toks@=\toks15
) (/Users/jeremydai/Library/TinyTeX/texmf-dist/tex/generic/iftex/ifvtex.sty
Package: ifvtex 2019/10/25 v1.7 ifvtex legacy package. Use iftex instead.
(/Users/jeremydai/Library/TinyTeX/texmf-dist/tex/generic/iftex/iftex.sty
Package: iftex 2020/03/06 v1.0d TeX engine tests
))
\Gm@cnth=\count183
\Gm@cntv=\count184
\c@Gm@tempcnt=\count185
\Gm@bindingoffset=\dimen139
\Gm@wd@mp=\dimen140
\Gm@odd@mp=\dimen141
\Gm@even@mp=\dimen142
\Gm@layoutwidth=\dimen143
\Gm@layoutheight=\dimen144
\Gm@layouthoffset=\dimen145
\Gm@layoutvoffset=\dimen146
\Gm@dimlist=\toks16
) (/Users/jeremydai/Library/TinyTeX/texmf-dist/tex/latex/psnfss/mathpazo.sty
Package: mathpazo 2020/03/25 PSNFSS-v9.3 Palatino w/ Pazo Math (D.Puga, WaS) 
\symupright=\mathgroup4
) (/Users/jeremydai/Library/TinyTeX/texmf-dist/tex/latex/base/fontenc.sty
Package: fontenc 2020/08/10 v2.0s Standard LaTeX package
LaTeX Font Info:    Trying to load font information for T1+ppl on input line 11
2.
(/Users/jeremydai/Library/TinyTeX/texmf-dist/tex/latex/psnfss/t1ppl.fd
File: t1ppl.fd 2001/06/04 font definitions for T1/ppl.
)) (/Users/jeremydai/Library/TinyTeX/texmf-dist/tex/latex/base/inputenc.sty
Package: inputenc 2020/08/01 v1.3d Input encoding file
\inpenc@prehook=\toks17
\inpenc@posthook=\toks18
) (/Users/jeremydai/Library/TinyTeX/texmf-dist/tex/latex/abstract/abstract.sty
Package: abstract 2009/06/08 v1.2a configurable abstracts
\abstitleskip=\skip49
\absleftindent=\skip50
\absrightindent=\skip51
\absparindent=\skip52
\absparsep=\skip53
) (/Users/jeremydai/Library/TinyTeX/texmf-dist/tex/latex/graphics/color.sty
Package: color 2020/02/24 v1.2b Standard LaTeX Color (DPC)
(/Users/jeremydai/Library/TinyTeX/texmf-dist/tex/latex/graphics-cfg/color.cfg
File: color.cfg 2016/01/02 v1.6 sample color configuration
)
Package color Info: Driver file: pdftex.def on input line 147.
(/Users/jeremydai/Library/TinyTeX/texmf-dist/tex/latex/graphics-def/pdftex.def
File: pdftex.def 2020/10/05 v1.2a Graphics/color driver for pdftex
)) (/Users/jeremydai/Library/TinyTeX/texmf-dist/tex/latex/fancyvrb/fancyvrb.sty
Package: fancyvrb 2020/05/03 v3.6 verbatim text (tvz,hv)
\FV@CodeLineNo=\count186
\FV@InFile=\read2
\FV@TabBox=\box47
\c@FancyVerbLine=\count187
\FV@StepNumber=\count188
\FV@OutFile=\write3
) (/Users/jeremydai/Library/TinyTeX/texmf-dist/tex/latex/framed/framed.sty
Package: framed 2011/10/22 v 0.96: framed or shaded text with page breaks
\OuterFrameSep=\skip54
\fb@frw=\dimen147
\fb@frh=\dimen148
\FrameRule=\dimen149
\FrameSep=\dimen150
) (/Users/jeremydai/Library/TinyTeX/texmf-dist/tex/latex/tools/longtable.sty
Package: longtable 2020/01/07 v4.13 Multi-page Table package (DPC)
\LTleft=\skip55
\LTright=\skip56
\LTpre=\skip57
\LTpost=\skip58
\LTchunksize=\count189
\LTcapwidth=\dimen151
\LT@head=\box48
\LT@firsthead=\box49
\LT@foot=\box50
\LT@lastfoot=\box51
\LT@cols=\count190
\LT@rows=\count191
\c@LT@tables=\count192
\c@LT@chunks=\count193
\LT@p@ftn=\toks19
) (/Users/jeremydai/Library/TinyTeX/texmf-dist/tex/latex/booktabs/booktabs.sty
Package: booktabs 2020/01/12 v1.61803398 Publication quality tables
\heavyrulewidth=\dimen152
\lightrulewidth=\dimen153
\cmidrulewidth=\dimen154
\belowrulesep=\dimen155
\belowbottomsep=\dimen156
\aboverulesep=\dimen157
\abovetopsep=\dimen158
\cmidrulesep=\dimen159
\cmidrulekern=\dimen160
\defaultaddspace=\dimen161
\@cmidla=\count194
\@cmidlb=\count195
\@aboverulesep=\dimen162
\@belowrulesep=\dimen163
\@thisruleclass=\count196
\@lastruleclass=\count197
\@thisrulewidth=\dimen164
) (/Users/jeremydai/Library/TinyTeX/texmf-dist/tex/latex/graphics/graphicx.sty
Package: graphicx 2020/09/09 v1.2b Enhanced LaTeX Graphics (DPC,SPQR)
(/Users/jeremydai/Library/TinyTeX/texmf-dist/tex/latex/graphics/graphics.sty
Package: graphics 2020/08/30 v1.4c Standard LaTeX Graphics (DPC,SPQR)
(/Users/jeremydai/Library/TinyTeX/texmf-dist/tex/latex/graphics/trig.sty
Package: trig 2016/01/03 v1.10 sin cos tan (DPC)
)
(/Users/jeremydai/Library/TinyTeX/texmf-dist/tex/latex/graphics-cfg/graphics.cf
g
File: graphics.cfg 2016/06/04 v1.11 sample graphics configuration
)
Package graphics Info: Driver file: pdftex.def on input line 105.
)
\Gin@req@height=\dimen165
\Gin@req@width=\dimen166
) (/Users/jeremydai/Library/TinyTeX/texmf-dist/tex/latex/grffile/grffile.sty
Package: grffile 2019/11/11 v2.1 Extended file name support for graphics (legac
y)
Package grffile Info: This package is an empty stub for compatibility on input 
line 40.
) (/Users/jeremydai/Library/TinyTeX/texmf-dist/tex/latex/titlesec/titlesec.sty
Package: titlesec 2019/10/16 v2.13 Sectioning titles
\ttl@box=\box52
\beforetitleunit=\skip59
\aftertitleunit=\skip60
\ttl@plus=\dimen167
\ttl@minus=\dimen168
\ttl@toksa=\toks20
\titlewidth=\dimen169
\titlewidthlast=\dimen170
\titlewidthfirst=\dimen171
) (/Users/jeremydai/Library/TinyTeX/texmf-dist/tex/latex/natbib/natbib.sty
Package: natbib 2010/09/13 8.31b (PWD, AO)
\bibhang=\skip61
\bibsep=\skip62
LaTeX Info: Redefining \cite on input line 694.
\c@NAT@ctr=\count198
)
(/Users/jeremydai/Library/TinyTeX/texmf-dist/tex/latex/underscore/underscore.st
y
Package: underscore 2006/09/13
LaTeX Info: Redefining \_ on input line 42.
)
\c@hypothesis=\count199
(/Users/jeremydai/Library/TinyTeX/texmf-dist/tex/latex/setspace/setspace.sty
Package: setspace 2011/12/19 v6.7a set line spacing
) (/Users/jeremydai/Library/TinyTeX/texmf-dist/tex/latex/hyperref/hyperref.sty
Package: hyperref 2020-05-15 v7.00e Hypertext links for LaTeX
(/Users/jeremydai/Library/TinyTeX/texmf-dist/tex/generic/ltxcmds/ltxcmds.sty
Package: ltxcmds 2020-05-10 v1.25 LaTeX kernel commands for general use (HO)
)
(/Users/jeremydai/Library/TinyTeX/texmf-dist/tex/generic/pdftexcmds/pdftexcmds.
sty
Package: pdftexcmds 2020-06-27 v0.33 Utility functions of pdfTeX for LuaTeX (HO
)

(/Users/jeremydai/Library/TinyTeX/texmf-dist/tex/generic/infwarerr/infwarerr.st
y
Package: infwarerr 2019/12/03 v1.5 Providing info/warning/error messages (HO)
)
Package pdftexcmds Info: \pdf@primitive is available.
Package pdftexcmds Info: \pdf@ifprimitive is available.
Package pdftexcmds Info: \pdfdraftmode found.
)
(/Users/jeremydai/Library/TinyTeX/texmf-dist/tex/generic/kvsetkeys/kvsetkeys.st
y
Package: kvsetkeys 2019/12/15 v1.18 Key value parser (HO)
)
(/Users/jeremydai/Library/TinyTeX/texmf-dist/tex/generic/kvdefinekeys/kvdefinek
eys.sty
Package: kvdefinekeys 2019-12-19 v1.6 Define keys (HO)
)
(/Users/jeremydai/Library/TinyTeX/texmf-dist/tex/generic/pdfescape/pdfescape.st
y
Package: pdfescape 2019/12/09 v1.15 Implements pdfTeX's escape features (HO)
) (/Users/jeremydai/Library/TinyTeX/texmf-dist/tex/latex/hycolor/hycolor.sty
Package: hycolor 2020-01-27 v1.10 Color options for hyperref/bookmark (HO)
)
(/Users/jeremydai/Library/TinyTeX/texmf-dist/tex/latex/letltxmacro/letltxmacro.
sty
Package: letltxmacro 2019/12/03 v1.6 Let assignment for LaTeX macros (HO)
) (/Users/jeremydai/Library/TinyTeX/texmf-dist/tex/latex/auxhook/auxhook.sty
Package: auxhook 2019-12-17 v1.6 Hooks for auxiliary files (HO)
) (/Users/jeremydai/Library/TinyTeX/texmf-dist/tex/latex/kvoptions/kvoptions.st
y
Package: kvoptions 2020-10-07 v3.14 Key value format for package options (HO)
)
\@linkdim=\dimen172
\Hy@linkcounter=\count266
\Hy@pagecounter=\count267
(/Users/jeremydai/Library/TinyTeX/texmf-dist/tex/latex/hyperref/pd1enc.def
File: pd1enc.def 2020-05-15 v7.00e Hyperref: PDFDocEncoding definition (HO)
Now handling font encoding PD1 ...
... no UTF-8 mapping file for font encoding PD1
) (/Users/jeremydai/Library/TinyTeX/texmf-dist/tex/generic/intcalc/intcalc.sty
Package: intcalc 2019/12/15 v1.3 Expandable calculations with integers (HO)
) (/Users/jeremydai/Library/TinyTeX/texmf-dist/tex/generic/etexcmds/etexcmds.st
y
Package: etexcmds 2019/12/15 v1.7 Avoid name clashes with e-TeX commands (HO)
)
\Hy@SavedSpaceFactor=\count268
Package hyperref Info: Hyper figures OFF on input line 4464.
Package hyperref Info: Link nesting OFF on input line 4469.
Package hyperref Info: Hyper index ON on input line 4472.
Package hyperref Info: Plain pages OFF on input line 4479.
Package hyperref Info: Backreferencing OFF on input line 4484.
Package hyperref Info: Implicit mode ON; LaTeX internals redefined.
Package hyperref Info: Bookmarks ON on input line 4717.
\c@Hy@tempcnt=\count269
(/Users/jeremydai/Library/TinyTeX/texmf-dist/tex/latex/url/url.sty
\Urlmuskip=\muskip16
Package: url 2013/09/16  ver 3.4  Verb mode for urls, etc.
)
LaTeX Info: Redefining \url on input line 5076.
\XeTeXLinkMargin=\dimen173
(/Users/jeremydai/Library/TinyTeX/texmf-dist/tex/generic/bitset/bitset.sty
Package: bitset 2019/12/09 v1.3 Handle bit-vector datatype (HO)

(/Users/jeremydai/Library/TinyTeX/texmf-dist/tex/generic/bigintcalc/bigintcalc.
sty
Package: bigintcalc 2019/12/15 v1.5 Expandable calculations on big integers (HO
)
))
\Fld@menulength=\count270
\Field@Width=\dimen174
\Fld@charsize=\dimen175
Package hyperref Info: Hyper figures OFF on input line 6347.
Package hyperref Info: Link nesting OFF on input line 6352.
Package hyperref Info: Hyper index ON on input line 6355.
Package hyperref Info: backreferencing OFF on input line 6362.
Package hyperref Info: Link coloring OFF on input line 6367.
Package hyperref Info: Link coloring with OCG OFF on input line 6372.
Package hyperref Info: PDF/A mode OFF on input line 6377.
LaTeX Info: Redefining \ref on input line 6417.
LaTeX Info: Redefining \pageref on input line 6421.
(/Users/jeremydai/Library/TinyTeX/texmf-dist/tex/latex/base/atbegshi-ltx.sty
Package: atbegshi-ltx 2020/08/17 v1.0a Emulation of the original atbegshi packa
ge
with kernel methods
)
\Hy@abspage=\count271
\c@Item=\count272
\c@Hfootnote=\count273
)
Package hyperref Info: Driver (autodetected): hpdftex.
(/Users/jeremydai/Library/TinyTeX/texmf-dist/tex/latex/hyperref/hpdftex.def
File: hpdftex.def 2020-05-15 v7.00e Hyperref driver for pdfTeX
(/Users/jeremydai/Library/TinyTeX/texmf-dist/tex/latex/base/atveryend-ltx.sty
Package: atveryend-ltx 2020/08/19 v1.0a Emulation of the original atvery packag
e
with kernel methods
)
\Fld@listcount=\count274
\c@bookmark@seq@number=\count275

(/Users/jeremydai/Library/TinyTeX/texmf-dist/tex/latex/rerunfilecheck/rerunfile
check.sty
Package: rerunfilecheck 2019/12/05 v1.9 Rerun checks for auxiliary files (HO)

(/Users/jeremydai/Library/TinyTeX/texmf-dist/tex/generic/uniquecounter/uniqueco
unter.sty
Package: uniquecounter 2019/12/15 v1.4 Provide unlimited unique counter (HO)
)
Package uniquecounter Info: New unique counter `rerunfilecheck' on input line 2
86.
)
\Hy@SectionHShift=\skip63
)
Package hyperref Info: Option `breaklinks' set `true' on input line 158.

Package hyperref Warning: Option `bookmarks' has already been used,
(hyperref)                setting the option has no effect on input line 158.

Package hyperref Info: Option `colorlinks' set `true' on input line 158.
(/Users/jeremydai/Library/TinyTeX/texmf-dist/tex/latex/placeins/placeins.sty
Package: placeins 2005/04/18  v 2.2
)
(/Users/jeremydai/Library/TinyTeX/texmf-dist/tex/latex/l3backend/l3backend-pdft
ex.def
File: l3backend-pdftex.def 2020-09-24 L3 backend support: PDF output (pdfTeX)
\l__kernel_color_stack_int=\count276
\l__pdf_internal_box=\box53
) (./End-term-project-Yizhen.aux)
\openout1 = `End-term-project-Yizhen.aux'.

LaTeX Font Info:    Checking defaults for OML/cmm/m/it on input line 176.
LaTeX Font Info:    ... okay on input line 176.
LaTeX Font Info:    Checking defaults for OMS/cmsy/m/n on input line 176.
LaTeX Font Info:    ... okay on input line 176.
LaTeX Font Info:    Checking defaults for OT1/cmr/m/n on input line 176.
LaTeX Font Info:    ... okay on input line 176.
LaTeX Font Info:    Checking defaults for T1/cmr/m/n on input line 176.
LaTeX Font Info:    ... okay on input line 176.
LaTeX Font Info:    Checking defaults for TS1/cmr/m/n on input line 176.
LaTeX Font Info:    ... okay on input line 176.
LaTeX Font Info:    Checking defaults for OMX/cmex/m/n on input line 176.
LaTeX Font Info:    ... okay on input line 176.
LaTeX Font Info:    Checking defaults for U/cmr/m/n on input line 176.
LaTeX Font Info:    ... okay on input line 176.
LaTeX Font Info:    Checking defaults for PD1/pdf/m/n on input line 176.
LaTeX Font Info:    ... okay on input line 176.
*geometry* driver: auto-detecting
*geometry* detected driver: pdftex
*geometry* verbose mode - [ preamble ] result:
* driver: pdftex
* paper: <default>
* layout: <same size as paper>
* layoutoffset:(h,v)=(0.0pt,0.0pt)
* modes: 
* h-part:(L,W,R)=(72.26999pt, 469.75502pt, 72.26999pt)
* v-part:(T,H,B)=(72.26999pt, 650.43001pt, 72.26999pt)
* \paperwidth=614.295pt
* \paperheight=794.96999pt
* \textwidth=469.75502pt
* \textheight=650.43001pt
* \oddsidemargin=0.0pt
* \evensidemargin=0.0pt
* \topmargin=-37.0pt
* \headheight=12.0pt
* \headsep=25.0pt
* \topskip=11.0pt
* \footskip=30.0pt
* \marginparwidth=59.0pt
* \marginparsep=10.0pt
* \columnsep=10.0pt
* \skip\footins=10.0pt plus 4.0pt minus 2.0pt
* \hoffset=0.0pt
* \voffset=0.0pt
* \mag=1000
* \@twocolumnfalse
* \@twosidefalse
* \@mparswitchfalse
* \@reversemarginfalse
* (1in=72.27pt=25.4mm, 1cm=28.453pt)

\big@size=\dimen176

(/Users/jeremydai/Library/TinyTeX/texmf-dist/tex/latex/epstopdf-pkg/epstopdf-ba
se.sty
Package: epstopdf-base 2020-01-24 v2.11 Base part for package epstopdf
(/Users/jeremydai/Library/TinyTeX/texmf-dist/tex/latex/grfext/grfext.sty
Package: grfext 2019/12/03 v1.3 Manage graphics extensions (HO)
)
Package epstopdf-base Info: Redefining graphics rule for `.eps' on input line 4
85.
Package grfext Info: Graphics extension search list:
(grfext)             [.pdf,.png,.jpg,.mps,.jpeg,.jbig2,.jb2,.PDF,.PNG,.JPG,.JPE
G,.JBIG2,.JB2,.eps]
(grfext)             \AppendGraphicsExtensions on input line 504.

(/Users/jeremydai/Library/TinyTeX/texmf-dist/tex/latex/latexconfig/epstopdf-sys
.cfg
File: epstopdf-sys.cfg 2010/07/13 v1.3 Configuration of (r)epstopdf for TeX Liv
e
))
Package hyperref Info: Link coloring ON on input line 176.
(/Users/jeremydai/Library/TinyTeX/texmf-dist/tex/latex/hyperref/nameref.sty
Package: nameref 2019/09/16 v2.46 Cross-referencing by name of section
(/Users/jeremydai/Library/TinyTeX/texmf-dist/tex/latex/refcount/refcount.sty
Package: refcount 2019/12/15 v3.6 Data extraction from label references (HO)
)
(/Users/jeremydai/Library/TinyTeX/texmf-dist/tex/generic/gettitlestring/gettitl
estring.sty
Package: gettitlestring 2019/12/15 v1.6 Cleanup title references (HO)
)
\c@section@level=\count277
)
LaTeX Info: Redefining \ref on input line 176.
LaTeX Info: Redefining \pageref on input line 176.
LaTeX Info: Redefining \nameref on input line 176.
(./End-term-project-Yizhen.out) (./End-term-project-Yizhen.out)
\@outlinefile=\write4
\openout4 = `End-term-project-Yizhen.out'.

LaTeX Font Info:    Trying to load font information for T1+phv on input line 19
2.
(/Users/jeremydai/Library/TinyTeX/texmf-dist/tex/latex/psnfss/t1phv.fd
File: t1phv.fd 2020/03/25 scalable font definitions for T1/phv.
)
LaTeX Font Info:    Trying to load font information for OT1+ppl on input line 2
46.
(/Users/jeremydai/Library/TinyTeX/texmf-dist/tex/latex/psnfss/ot1ppl.fd
File: ot1ppl.fd 2001/06/04 font definitions for OT1/ppl.
)
LaTeX Font Info:    Trying to load font information for OML+zplm on input line 
246.
(/Users/jeremydai/Library/TinyTeX/texmf-dist/tex/latex/psnfss/omlzplm.fd
File: omlzplm.fd 2002/09/08 Fontinst v1.914 font definitions for OML/zplm.
)
LaTeX Font Info:    Trying to load font information for OMS+zplm on input line 
246.
(/Users/jeremydai/Library/TinyTeX/texmf-dist/tex/latex/psnfss/omszplm.fd
File: omszplm.fd 2002/09/08 Fontinst v1.914 font definitions for OMS/zplm.
)
LaTeX Font Info:    Trying to load font information for OMX+zplm on input line 
246.
(/Users/jeremydai/Library/TinyTeX/texmf-dist/tex/latex/psnfss/omxzplm.fd
File: omxzplm.fd 2002/09/08 Fontinst v1.914 font definitions for OMX/zplm.
)
LaTeX Font Info:    Trying to load font information for OT1+zplm on input line 
246.
(/Users/jeremydai/Library/TinyTeX/texmf-dist/tex/latex/psnfss/ot1zplm.fd
File: ot1zplm.fd 2002/09/08 Fontinst v1.914 font definitions for OT1/zplm.
)

LaTeX Warning: Command \textellipsis invalid in math mode on input line 250.

<figs/unnamed-chunk-2.pdf, id=54, 469.755pt x 325.215pt>
File: figs/unnamed-chunk-2.pdf Graphic file (type pdf)
<use figs/unnamed-chunk-2.pdf>
Package pdftex.def Info: figs/unnamed-chunk-2.pdf  used on input line 274.
(pdftex.def)             Requested size: 469.75386pt x 325.2142pt.
LaTeX Font Info:    Trying to load font information for U+fplmbb on input line 
295.
(/Users/jeremydai/Library/TinyTeX/texmf-dist/tex/latex/psnfss/ufplmbb.fd
File: ufplmbb.fd 2003/10/30 Fontinst v1.914 font definitions for U/fplmbb.
) [1

{/Users/jeremydai/Library/TinyTeX/texmf-var/fonts/map/pdftex/updmap/pdftex.map}
] [2 <./figs/unnamed-chunk-2.pdf>] [3]
Overfull \hbox (3.44249pt too wide) in paragraph at lines 311--314
\T1/ppl/m/n/10.95 Based on the mod-els, we have a to-tal of five pa-ram-e-ters 
to be es-ti-mated from the data: $\OML/zplm/m/it/10.95 ^^V[]\OT1/ppl/m/n/10.95 
, \OML/zplm/m/it/10.95 ^^[[]\OT1/ppl/m/n/10.95 , \OML/zplm/m/it/10.95 ^^V[]\OT1
/ppl/m/n/10.95 , \OML/zplm/m/it/10.95 ^^[[]^^R$\T1/ppl/m/n/10.95 .
 []

LaTeX Font Info:    Trying to load font information for T1+cmtt on input line 3
31.
(/Users/jeremydai/Library/TinyTeX/texmf-dist/tex/latex/base/t1cmtt.fd
File: t1cmtt.fd 2019/12/16 v2.5j Standard LaTeX font definitions
)
LaTeX Font Info:    Font shape `T1/cmtt/bx/n' in size <10.95> not available
(Font)              Font shape `T1/cmtt/m/n' tried instead on input line 332.
[4]
<figs/unnamed-chunk-6.pdf, id=94, 469.755pt x 325.215pt>
File: figs/unnamed-chunk-6.pdf Graphic file (type pdf)
<use figs/unnamed-chunk-6.pdf>
Package pdftex.def Info: figs/unnamed-chunk-6.pdf  used on input line 419.
(pdftex.def)             Requested size: 469.75386pt x 325.2142pt.
<figs/unnamed-chunk-7.pdf, id=95, 469.755pt x 325.215pt>
File: figs/unnamed-chunk-7.pdf Graphic file (type pdf)
<use figs/unnamed-chunk-7.pdf>
Package pdftex.def Info: figs/unnamed-chunk-7.pdf  used on input line 425.
(pdftex.def)             Requested size: 469.75386pt x 325.2142pt.
<figs/unnamed-chunk-8.pdf, id=96, 469.755pt x 325.215pt>
File: figs/unnamed-chunk-8.pdf Graphic file (type pdf)
<use figs/unnamed-chunk-8.pdf>
Package pdftex.def Info: figs/unnamed-chunk-8.pdf  used on input line 442.
(pdftex.def)             Requested size: 469.75386pt x 325.2142pt.
<figs/unnamed-chunk-9.pdf, id=97, 469.755pt x 325.215pt>
File: figs/unnamed-chunk-9.pdf Graphic file (type pdf)
<use figs/unnamed-chunk-9.pdf>
Package pdftex.def Info: figs/unnamed-chunk-9.pdf  used on input line 453.
(pdftex.def)             Requested size: 469.75386pt x 325.2142pt.
[5] [6 <./figs/unnamed-chunk-6.pdf>] [7 <./figs/unnamed-chunk-7.pdf>] [8 <./fig
s/unnamed-chunk-8.pdf>] [9 <./figs/unnamed-chunk-9.pdf>]
<figs/unnamed-chunk-10.pdf, id=161, 469.755pt x 325.215pt>
File: figs/unnamed-chunk-10.pdf Graphic file (type pdf)
<use figs/unnamed-chunk-10.pdf>
Package pdftex.def Info: figs/unnamed-chunk-10.pdf  used on input line 466.
(pdftex.def)             Requested size: 469.75386pt x 325.2142pt.
[10 <./figs/unnamed-chunk-10.pdf>]
<figs/unnamed-chunk-14.pdf, id=178, 469.755pt x 325.215pt>
File: figs/unnamed-chunk-14.pdf Graphic file (type pdf)
<use figs/unnamed-chunk-14.pdf>
Package pdftex.def Info: figs/unnamed-chunk-14.pdf  used on input line 523.
(pdftex.def)             Requested size: 469.75386pt x 325.2142pt.
<figs/unnamed-chunk-15.pdf, id=179, 469.755pt x 325.215pt>
File: figs/unnamed-chunk-15.pdf Graphic file (type pdf)
<use figs/unnamed-chunk-15.pdf>
Package pdftex.def Info: figs/unnamed-chunk-15.pdf  used on input line 529.
(pdftex.def)             Requested size: 469.75386pt x 325.2142pt.

LaTeX Warning: Command \textellipsis invalid in math mode on input line 551.

[11] [12 <./figs/unnamed-chunk-14.pdf>] [13 <./figs/unnamed-chunk-15.pdf>]

LaTeX Warning: Command \textellipsis invalid in math mode on input line 572.

<figs/unnamed-chunk-21.pdf, id=206, 469.755pt x 325.215pt>
File: figs/unnamed-chunk-21.pdf Graphic file (type pdf)
<use figs/unnamed-chunk-21.pdf>
Package pdftex.def Info: figs/unnamed-chunk-21.pdf  used on input line 596.
(pdftex.def)             Requested size: 469.75386pt x 325.2142pt.
[14] [15 <./figs/unnamed-chunk-21.pdf>]

LaTeX Warning: Command \textellipsis invalid in math mode on input line 649.

<figs/unnamed-chunk-27.pdf, id=223, 469.755pt x 325.215pt>
File: figs/unnamed-chunk-27.pdf Graphic file (type pdf)
<use figs/unnamed-chunk-27.pdf>
Package pdftex.def Info: figs/unnamed-chunk-27.pdf  used on input line 673.
(pdftex.def)             Requested size: 469.75386pt x 325.2142pt.
[16] [17 <./figs/unnamed-chunk-27.pdf>]
<figs/unnamed-chunk-32.pdf, id=240, 469.755pt x 325.215pt>
File: figs/unnamed-chunk-32.pdf Graphic file (type pdf)
<use figs/unnamed-chunk-32.pdf>
Package pdftex.def Info: figs/unnamed-chunk-32.pdf  used on input line 704.
(pdftex.def)             Requested size: 469.75386pt x 325.2142pt.
LaTeX Font Info:    Trying to load font information for TS1+ppl on input line 7
18.
(/Users/jeremydai/Library/TinyTeX/texmf-dist/tex/latex/psnfss/ts1ppl.fd
File: ts1ppl.fd 2001/06/04 font definitions for TS1/ppl.
) [18 <./figs/unnamed-chunk-32.pdf>]
No file End-term-project-Yizhen.bbl.
(./End-term-project-Yizhen.aux)
Package rerunfilecheck Info: File `End-term-project-Yizhen.out' has not changed
.
(rerunfilecheck)             Checksum: 9C1E22744715D46B68D180A6BF85230A;723.
 ) 
Here is how much of TeX's memory you used:
 7398 strings out of 481865
 115166 string characters out of 5930177
 421959 words of memory out of 5000000
 23470 multiletter control sequences out of 15000+600000
 559446 words of font info for 78 fonts, out of 8000000 for 9000
 14 hyphenation exceptions out of 8191
 66i,6n,72p,442b,363s stack positions out of 5000i,500n,10000p,200000b,80000s
 </Users/jeremydai/Library/TinyTeX/texmf-var/fonts/pk/ljfour/jknappen/ec/ecit
1095.600pk> </Users/jeremydai/Library/TinyTeX/texmf-var/fonts/pk/ljfour/jknappe
n/ec/ectt1095.600pk>{/Users/jeremydai/Library/TinyTeX/texmf-dist/fonts/enc/dvip
s/base/8r.enc}</Users/jeremydai/Library/TinyTeX/texmf-dist/fonts/type1/public/a
msfonts/cm/cmmi10.pfb></Users/jeremydai/Library/TinyTeX/texmf-dist/fonts/type1/
public/amsfonts/cm/cmr10.pfb></Users/jeremydai/Library/TinyTeX/texmf-dist/fonts
/type1/public/amsfonts/cm/cmsy10.pfb></Users/jeremydai/Library/TinyTeX/texmf-di
st/fonts/type1/public/mathpazo/fplmbb.pfb></Users/jeremydai/Library/TinyTeX/tex
mf-dist/fonts/type1/public/mathpazo/fplmri.pfb></Users/jeremydai/Library/TinyTe
X/texmf-dist/fonts/type1/urw/helvetic/uhvb8a.pfb></Users/jeremydai/Library/Tiny
TeX/texmf-dist/fonts/type1/urw/palatino/uplb8a.pfb></Users/jeremydai/Library/Ti
nyTeX/texmf-dist/fonts/type1/urw/palatino/uplr8a.pfb></Users/jeremydai/Library/
TinyTeX/texmf-dist/fonts/type1/urw/palatino/uplri8a.pfb>
Output written on End-term-project-Yizhen.pdf (18 pages, 479047 bytes).
PDF statistics:
 422 PDF objects out of 1000 (max. 8388607)
 251 compressed objects within 3 object streams
 56 named destinations out of 1000 (max. 500000)
 152 words of extra memory for PDF output out of 10000 (max. 10000000)

